[www.ice-professional.com/index.html]
[backblue.gif]
[fade.gif]
[index.html]
[static.tildacdn.com/tild3735-6366-4935-a539-663631346365/l-04.png]
[static.tildacdn.com/tild3837-3664-4365-a665-383531336338/photo.png]
[static.tildacdn.com/tild3737-6631-4631-a534-373063623533/photo.png]
[neo.tildacdn.com/js/tilda-fallback-1.0.min.js]
[static.tildacdn.com/css/tilda-grid-3.0.min.css]
[ws.tildacdn.com/project2410645/tilda-blocks-page20232002.min27ba.css]
[static.tildacdn.com/css/tilda-animation-2.0.min.css]
[static.tildacdn.com/css/tilda-cover-1.0.min.css]
[static.tildacdn.com/css/tilda-slds-1.4.min.css]
[static.tildacdn.com/js/tilda-polyfill-1.0.min.js]
[static.tildacdn.com/js/tilda-scripts-3.0.min.js]
[ws.tildacdn.com/project2410645/tilda-blocks-page20232002.min27ba.js]
[static.tildacdn.com/js/lazyload-1.3.min.js]
[static.tildacdn.com/js/tilda-animation-2.0.min.js]
[static.tildacdn.com/js/tilda-menu-1.0.min.js]
[static.tildacdn.com/js/tilda-cover-1.0.min.js]
[static.tildacdn.com/js/tilda-zero-1.1.min.js]
[static.tildacdn.com/js/hammer.min.js]
[static.tildacdn.com/js/tilda-slds-1.4.min.js]
[static.tildacdn.com/js/tilda-events-1.0.min.js]
[static.tildacdn.com/tild6235-3566-4632-b238-663763326130/-03_copy.png]
[www.ice-professional.com/refresh_my_scalp.html]
[www.ice-professional.com/repair_my_hair.html]
[www.ice-professional.com/tame_my_hair.html]
[www.ice-professional.com/refill_my_hair.html]
[www.ice-professional.com/keep_my_color.html]
[www.ice-professional.com/keep_my_blonde.html]
[www.ice-professional.com/ingredients.html]
[www.ice-professional.com/contacts.html]
[static.tildacdn.com/tild6565-6662-4864-b562-323162383337/-/resize/20x/photo_2021-10-25_133.jpg]
[static.tildacdn.com/tild6565-6662-4864-b562-323162383337/photo_2021-10-25_133.jpg]
[static.tildacdn.com/tild3062-3933-4563-b565-336462303365/ICE-by-NATURA-SIBERI.png]
[static.tildacdn.com/tild3062-3933-4563-b565-336462303365/-/resizeb/20x/ICE-by-NATURA-SIBERI.png]
[static.tildacdn.com/tild3465-6362-4463-b038-626538356162/ICE-by-NATURA-SIBERI.png]
[static.tildacdn.com/tild3465-6362-4463-b038-626538356162/-/resizeb/20x/ICE-by-NATURA-SIBERI.png]
[static.tildacdn.com/tild6431-6236-4437-b330-343230373938/ICE-by-NATURA-SIBERI.png]
[static.tildacdn.com/tild6431-6236-4437-b330-343230373938/-/resizeb/20x/ICE-by-NATURA-SIBERI.png]
[static.tildacdn.com/tild3430-3737-4066-b761-313965333035/ICE-by-NATURA-SIBERI.png]
[static.tildacdn.com/tild3430-3737-4066-b761-313965333035/-/resizeb/20x/ICE-by-NATURA-SIBERI.png]
[static.tildacdn.com/tild3438-6234-4462-b136-633736363537/ICE-by-NATURA-SIBERI.png]
[static.tildacdn.com/tild3438-6234-4462-b136-633736363537/-/resizeb/20x/ICE-by-NATURA-SIBERI.png]
[static.tildacdn.com/tild3063-3332-4130-a466-303165653938/ICE-by-NATURA-SIBERI.png]
[static.tildacdn.com/tild3063-3332-4130-a466-303165653938/-/resizeb/20x/ICE-by-NATURA-SIBERI.png]
[static.tildacdn.com/tild3334-6361-4663-a366-623232383763/DSC04719_DxO_copy.png]
[static.tildacdn.com/tild3334-6361-4663-a366-623232383763/-/resizeb/20x/DSC04719_DxO_copy.png]
[static.tildacdn.com/tild3965-3931-4338-b834-343265653663/ICE-by-NATURA-SIBERI.png]
[static.tildacdn.com/tild3965-3931-4338-b834-343265653663/-/resizeb/20x/ICE-by-NATURA-SIBERI.png]
[static.tildacdn.com/tild3337-3630-4365-b537-303761363831/sDSCF0566.jpg]
[static.tildacdn.com/tild3337-3630-4365-b537-303761363831/-/resizeb/20x/sDSCF0566.jpg]
[static.tildacdn.com/tild3664-3032-4331-b762-326132313363/sDSCF0552.jpg]
[static.tildacdn.com/tild3664-3032-4331-b762-326132313363/-/resizeb/20x/sDSCF0552.jpg]
[static.tildacdn.com/tild3062-6435-4166-a431-623435613063/sDSCF0248.jpg]
[static.tildacdn.com/tild3062-6435-4166-a431-623435613063/-/resizeb/20x/sDSCF0248.jpg]
[static.tildacdn.com/tild6266-3432-4966-b365-313939333034/sDSCF2041_copy.jpg]
[static.tildacdn.com/tild6266-3432-4966-b365-313939333034/-/resizeb/20x/sDSCF2041_copy.jpg]
[static.tildacdn.com/tild6561-6666-4230-b961-663536393962/sDSCF7885.jpg]
[static.tildacdn.com/tild6561-6666-4230-b961-663536393962/-/resizeb/20x/sDSCF7885.jpg]
[static.tildacdn.com/tild3632-3439-4931-a561-303261343139/sDSCF0809.jpg]
[static.tildacdn.com/tild3632-3439-4931-a561-303261343139/-/resizeb/20x/sDSCF0809.jpg]
[www.ice-professional.com/index.html]
[static.tildacdn.com/css/tilda-grid-3.0.min.css]
[ws.tildacdn.com/project2410645/tilda-blocks-page20232002.min27ba.css]
[static.tildacdn.com/css/tilda-animation-2.0.min.css]
[static.tildacdn.com/css/tilda-cover-1.0.min.css]
[static.tildacdn.com/css/tilda-slds-1.4.min.css]
[static.tildacdn.com/js/tilda-stat-1.0.min.js]
[static.tildacdn.com/tild6235-3566-4632-b238-663763326130/-/resize/504x/-03_copy.png]
[ws.tildacdn.com/project2410645/tilda-blocks-page20232016.min0b0d.css]
[static.tildacdn.com/css/tilda-popup-1.1.min.css]
[static.tildacdn.com/css/tilda-catalog-1.1.min.css]
[static.tildacdn.com/css/tilda-forms-1.0.min.css]
[static.tildacdn.com/css/tilda-zoom-2.0.min.css]
[ws.tildacdn.com/project2410645/tilda-blocks-page20232016.min0b0d.js]
[static.tildacdn.com/js/tilda-products-1.0.min.js]
[static.tildacdn.com/js/tilda-catalog-1.1.min.js]
[static.tildacdn.com/js/tilda-animation-ext-1.0.min.js]
[static.tildacdn.com/js/tilda-zoom-2.0.min.js]
[static.tildacdn.com/tild6138-6236-4336-a637-376436633463/ice_-03_copy.png]
[static.tildacdn.com/tild6138-6236-4336-a637-376436633463/-/resizeb/20x/ice_-03_copy.png]
[static.tildacdn.com/tild3736-3062-4932-b634-303239636331/DSCF1978.jpg]
[static.tildacdn.com/tild3736-3062-4932-b634-303239636331/-/resizeb/20x/DSCF1978.jpg]
[static.tildacdn.com/tild3762-3136-4230-a236-363666343064/DSCF7880.jpg]
[static.tildacdn.com/tild3762-3136-4230-a236-363666343064/-/resizeb/20x/DSCF7880.jpg]
[static.tildacdn.com/tild3637-3865-4831-b030-376163653966/-/empty/ICE-by-NATURA-SIBERI.png]
[static.tildacdn.com/tild3436-6639-4538-b966-643766333230/-/empty/ICE-by-NATURA-SIBERI.png]
[static.tildacdn.com/tild6664-3439-4935-b365-383030373763/-/empty/ICE-by-NATURA-SIBERI.png]
[static.tildacdn.com/tild6566-6336-4139-a635-326236656439/-/empty/ICE-by-NATURA-SIBERI.png]
[static.tildacdn.com/tild3637-3865-4831-b030-376163653966/ICE-by-NATURA-SIBERI.png]
[static.tildacdn.com/tild3637-3865-4831-b030-376163653966/-/resizeb/20x/ICE-by-NATURA-SIBERI.png]
[static.tildacdn.com/tild3333-3034-4564-b736-666662643231/ICE-by-NATURA-SIBERI.png]
[static.tildacdn.com/tild3333-3034-4564-b736-666662643231/-/resizeb/20x/ICE-by-NATURA-SIBERI.png]
[static.tildacdn.com/tild6434-3930-4535-b461-336335623635/photo.png]
[static.tildacdn.com/tild6434-3930-4535-b461-336335623635/-/resizeb/20x/photo.png]
[static.tildacdn.com/tild3436-6639-4538-b966-643766333230/ICE-by-NATURA-SIBERI.png]
[static.tildacdn.com/tild3436-6639-4538-b966-643766333230/-/resizeb/20x/ICE-by-NATURA-SIBERI.png]
[static.tildacdn.com/tild3536-6264-4234-b965-656564616136/ICE-by-NATURA-SIBERI.png]
[static.tildacdn.com/tild3536-6264-4234-b965-656564616136/-/resizeb/20x/ICE-by-NATURA-SIBERI.png]
[static.tildacdn.com/tild6664-3439-4935-b365-383030373763/ICE-by-NATURA-SIBERI.png]
[static.tildacdn.com/tild6664-3439-4935-b365-383030373763/-/resizeb/20x/ICE-by-NATURA-SIBERI.png]
[static.tildacdn.com/tild6237-6464-4430-a534-393863346538/ICE-by-NATURA-SIBERI.png]
[static.tildacdn.com/tild6237-6464-4430-a534-393863346538/-/resizeb/20x/ICE-by-NATURA-SIBERI.png]
[static.tildacdn.com/tild6566-6336-4139-a635-326236656439/ICE-by-NATURA-SIBERI.png]
[static.tildacdn.com/tild6566-6336-4139-a635-326236656439/-/resizeb/20x/ICE-by-NATURA-SIBERI.png]
[static.tildacdn.com/tild6439-3061-4835-b135-353335396333/ICE-by-NATURA-SIBERI.png]
[static.tildacdn.com/tild6439-3061-4835-b135-353335396333/-/resizeb/20x/ICE-by-NATURA-SIBERI.png]
[static.tildacdn.com/tild3439-3738-4738-b835-313561336634/DSC07406_DxO.png]
[static.tildacdn.com/tild3439-3738-4738-b835-313561336634/-/resizeb/20x/DSC07406_DxO.png]
[static.tildacdn.com/tild3830-6337-4336-b935-373965346132/sDSCF0809.jpg]
[static.tildacdn.com/tild3830-6337-4336-b935-373965346132/-/resizeb/20x/sDSCF0809.jpg]
[static.tildacdn.com/tild3566-6462-4362-a665-326539666234/sDSCF0552.jpg]
[static.tildacdn.com/tild3566-6462-4362-a665-326539666234/-/resizeb/20x/sDSCF0552.jpg]
[static.tildacdn.com/tild6335-6335-4362-a437-383439643830/sDSCF0248.jpg]
[static.tildacdn.com/tild6335-6335-4362-a437-383439643830/-/resizeb/20x/sDSCF0248.jpg]
[static.tildacdn.com/tild6466-3062-4462-b065-663537326132/sDSCF0566.jpg]
[static.tildacdn.com/tild6466-3062-4462-b065-663537326132/-/resizeb/20x/sDSCF0566.jpg]
[static.tildacdn.com/tild3536-3936-4535-b934-666433663334/sDSCF7885.jpg]
[static.tildacdn.com/tild3536-3936-4535-b934-666433663334/-/resizeb/20x/sDSCF7885.jpg]
[static.tildacdn.com/tild3630-3565-4366-a231-373531633961/sDSCF2041_copy.jpg]
[static.tildacdn.com/tild3630-3565-4366-a231-373531633961/-/resizeb/20x/sDSCF2041_copy.jpg]
[www.ice-professional.com/refresh_my_scalp.html]
[ws.tildacdn.com/project2410645/tilda-blocks-page20232021.min57cf.css]
[static.tildacdn.com/css/tilda-animation-1.0.min.css]
[ws.tildacdn.com/project2410645/tilda-blocks-page20232021.min57cf.js]
[static.tildacdn.com/js/tilda-animation-1.0.min.js]
[static.tildacdn.com/tild6265-3434-4531-b261-303132376239/ice_-04_copy.png]
[static.tildacdn.com/tild6265-3434-4531-b261-303132376239/-/resizeb/20x/ice_-04_copy.png]
[static.tildacdn.com/tild3463-3934-4138-a632-356265353662/DSCF0964-1.jpg]
[static.tildacdn.com/tild3463-3934-4138-a632-356265353662/-/resizeb/20x/DSCF0964-1.jpg]
[static.tildacdn.com/tild6231-6339-4138-a265-653062396563/DSCF2155.jpg]
[static.tildacdn.com/tild6231-6339-4138-a265-653062396563/-/resizeb/20x/DSCF2155.jpg]
[static.tildacdn.com/tild6566-6562-4938-b438-393138346465/-/empty/ICE-by-NATURA-SIBERI.png]
[static.tildacdn.com/tild6662-6365-4661-a637-333561313066/-/empty/ICE-by-NATURA-SIBERI.png]
[static.tildacdn.com/tild3032-3531-4164-b961-353831383630/-/empty/photo.png]
[static.tildacdn.com/tild6332-3963-4465-b830-333933343236/-/empty/ICE-by-NATURA-SIBERI.png]
[static.tildacdn.com/tild6339-3933-4338-a534-326263393831/-/empty/DSC07394_DxO.png]
[static.tildacdn.com/tild3936-3933-4136-b563-363965653334/-/empty/ICE-by-NATURA-SIBERI.png]
[static.tildacdn.com/tild6566-6562-4938-b438-393138346465/ICE-by-NATURA-SIBERI.png]
[static.tildacdn.com/tild6566-6562-4938-b438-393138346465/-/resizeb/20x/ICE-by-NATURA-SIBERI.png]
[static.tildacdn.com/tild3030-6566-4136-a161-333735353063/ICE-by-NATURA-SIBERI.png]
[static.tildacdn.com/tild3030-6566-4136-a161-333735353063/-/resizeb/20x/ICE-by-NATURA-SIBERI.png]
[static.tildacdn.com/tild6662-6365-4661-a637-333561313066/ICE-by-NATURA-SIBERI.png]
[static.tildacdn.com/tild6662-6365-4661-a637-333561313066/-/resizeb/20x/ICE-by-NATURA-SIBERI.png]
[static.tildacdn.com/tild6537-3833-4266-b333-303434323262/ICE-by-NATURA-SIBERI.png]
[static.tildacdn.com/tild6537-3833-4266-b333-303434323262/-/resizeb/20x/ICE-by-NATURA-SIBERI.png]
[static.tildacdn.com/tild3032-3531-4164-b961-353831383630/photo.png]
[static.tildacdn.com/tild3032-3531-4164-b961-353831383630/-/resizeb/20x/photo.png]
[static.tildacdn.com/tild3839-3536-4135-a131-386535626137/DSC04666_DxO.png]
[static.tildacdn.com/tild3839-3536-4135-a131-386535626137/-/resizeb/20x/DSC04666_DxO.png]
[static.tildacdn.com/tild6332-3963-4465-b830-333933343236/ICE-by-NATURA-SIBERI.png]
[static.tildacdn.com/tild6332-3963-4465-b830-333933343236/-/resizeb/20x/ICE-by-NATURA-SIBERI.png]
[static.tildacdn.com/tild3764-3136-4634-b538-323262326334/photo.png]
[static.tildacdn.com/tild3764-3136-4634-b538-323262326334/-/resizeb/20x/photo.png]
[static.tildacdn.com/tild3261-3734-4664-b932-653537316636/ICE-by-NATURA-SIBERI.png]
[static.tildacdn.com/tild3261-3734-4664-b932-653537316636/-/resizeb/20x/ICE-by-NATURA-SIBERI.png]
[static.tildacdn.com/tild6339-3933-4338-a534-326263393831/DSC07394_DxO.png]
[static.tildacdn.com/tild6339-3933-4338-a534-326263393831/-/resizeb/20x/DSC07394_DxO.png]
[static.tildacdn.com/tild6133-3664-4139-b161-396638306139/photo.png]
[static.tildacdn.com/tild6133-3664-4139-b161-396638306139/-/resizeb/20x/photo.png]
[static.tildacdn.com/tild6561-3562-4366-b430-613431303866/photo.png]
[static.tildacdn.com/tild6561-3562-4366-b430-613431303866/-/resizeb/20x/photo.png]
[static.tildacdn.com/tild3936-3933-4136-b563-363965653334/ICE-by-NATURA-SIBERI.png]
[static.tildacdn.com/tild3936-3933-4136-b563-363965653334/-/resizeb/20x/ICE-by-NATURA-SIBERI.png]
[static.tildacdn.com/tild6461-6664-4033-a134-666536373234/DSC04956_DxO.png]
[static.tildacdn.com/tild6461-6664-4033-a134-666536373234/-/resizeb/20x/DSC04956_DxO.png]
[static.tildacdn.com/tild3839-3064-4532-b539-616437366335/ICE-by-NATURA-SIBERI.png]
[static.tildacdn.com/tild3839-3064-4532-b539-616437366335/-/resizeb/20x/ICE-by-NATURA-SIBERI.png]
[static.tildacdn.com/tild3134-6566-4763-b664-373535396635/sDSCF0809.jpg]
[static.tildacdn.com/tild3134-6566-4763-b664-373535396635/-/resizeb/20x/sDSCF0809.jpg]
[static.tildacdn.com/tild3632-3563-4332-a165-346231636365/sDSCF7885.jpg]
[static.tildacdn.com/tild3632-3563-4332-a165-346231636365/-/resizeb/20x/sDSCF7885.jpg]
[static.tildacdn.com/tild6164-3064-4436-b633-343238623931/sDSCF0552.jpg]
[static.tildacdn.com/tild6164-3064-4436-b633-343238623931/-/resizeb/20x/sDSCF0552.jpg]
[static.tildacdn.com/tild3436-6465-4234-a564-613632383166/sDSCF0566.jpg]
[static.tildacdn.com/tild3436-6465-4234-a564-613632383166/-/resizeb/20x/sDSCF0566.jpg]
[static.tildacdn.com/tild3364-6638-4066-a164-323863356237/sDSCF2041_copy.jpg]
[static.tildacdn.com/tild3364-6638-4066-a164-323863356237/-/resizeb/20x/sDSCF2041_copy.jpg]
[static.tildacdn.com/tild3261-6233-4738-b939-306564656236/sDSCF0248.jpg]
[static.tildacdn.com/tild3261-6233-4738-b939-306564656236/-/resizeb/20x/sDSCF0248.jpg]
[www.ice-professional.com/repair_my_hair.html]
[ws.tildacdn.com/project2410645/tilda-blocks-page20232024.min57cf.css]
[ws.tildacdn.com/project2410645/tilda-blocks-page20232024.min57cf.js]
[static.tildacdn.com/tild3130-6435-4539-b235-646432656237/ice_-05_copy.png]
[static.tildacdn.com/tild3130-6435-4539-b235-646432656237/-/resizeb/20x/ice_-05_copy.png]
[static.tildacdn.com/tild3063-3565-4439-b739-326438613234/DSCF7885.jpg]
[static.tildacdn.com/tild3063-3565-4439-b739-326438613234/-/resizeb/20x/DSCF7885.jpg]
[static.tildacdn.com/tild3663-6566-4137-a133-376233653165/DSCF0368.jpg]
[static.tildacdn.com/tild3663-6566-4137-a133-376233653165/-/resizeb/20x/DSCF0368.jpg]
[static.tildacdn.com/tild3662-3064-4639-b766-376264356332/-/empty/2ICE-by-NATURA-SIBER.png]
[static.tildacdn.com/tild6265-6438-4231-b765-313631386239/-/empty/ICE-by-NATURA-SIBERI.png]
[static.tildacdn.com/tild3565-3864-4233-b666-376231366137/-/empty/ICE-by-NATURA-SIBERI.png]
[static.tildacdn.com/tild3564-6136-4239-b438-336539346362/-/empty/DSC04721_DxO.png]
[static.tildacdn.com/tild3535-3537-4532-b466-663631356538/-/empty/ICE-by-NATURA-SIBERI.png]
[static.tildacdn.com/tild6639-6139-4934-b238-393962653565/-/empty/photo.png]
[static.tildacdn.com/tild6533-3163-4236-a131-663065656237/-/empty/2ICE-by-NATURA-SIBER.png]
[static.tildacdn.com/tild3662-3064-4639-b766-376264356332/2ICE-by-NATURA-SIBER.png]
[static.tildacdn.com/tild3662-3064-4639-b766-376264356332/-/resizeb/20x/2ICE-by-NATURA-SIBER.png]
[static.tildacdn.com/tild3464-3631-4266-a431-353364636533/ICE-by-NATURA-SIBERI.png]
[static.tildacdn.com/tild3464-3631-4266-a431-353364636533/-/resizeb/20x/ICE-by-NATURA-SIBERI.png]
[static.tildacdn.com/tild3530-3430-4665-b934-633166313236/photo.png]
[static.tildacdn.com/tild3530-3430-4665-b934-633166313236/-/resizeb/20x/photo.png]
[static.tildacdn.com/tild6265-6438-4231-b765-313631386239/ICE-by-NATURA-SIBERI.png]
[static.tildacdn.com/tild6265-6438-4231-b765-313631386239/-/resizeb/20x/ICE-by-NATURA-SIBERI.png]
[static.tildacdn.com/tild6336-6337-4139-b662-376136316436/ICE-by-NATURA-SIBERI.png]
[static.tildacdn.com/tild6336-6337-4139-b662-376136316436/-/resizeb/20x/ICE-by-NATURA-SIBERI.png]
[static.tildacdn.com/tild3565-3864-4233-b666-376231366137/ICE-by-NATURA-SIBERI.png]
[static.tildacdn.com/tild3565-3864-4233-b666-376231366137/-/resizeb/20x/ICE-by-NATURA-SIBERI.png]
[static.tildacdn.com/tild3065-6164-4264-a537-653533633062/ICE-by-NATURA-SIBERI.png]
[static.tildacdn.com/tild3065-6164-4264-a537-653533633062/-/resizeb/20x/ICE-by-NATURA-SIBERI.png]
[static.tildacdn.com/tild3564-6136-4239-b438-336539346362/DSC04721_DxO.png]
[static.tildacdn.com/tild3564-6136-4239-b438-336539346362/-/resizeb/20x/DSC04721_DxO.png]
[static.tildacdn.com/tild6337-6366-4164-b536-346162643134/DSC04669_DxO.png]
[static.tildacdn.com/tild6337-6366-4164-b536-346162643134/-/resizeb/20x/DSC04669_DxO.png]
[static.tildacdn.com/tild3535-3537-4532-b466-663631356538/ICE-by-NATURA-SIBERI.png]
[static.tildacdn.com/tild3535-3537-4532-b466-663631356538/-/resizeb/20x/ICE-by-NATURA-SIBERI.png]
[static.tildacdn.com/tild6634-3965-4432-b132-363963363234/ICE-by-NATURA-SIBERI.png]
[static.tildacdn.com/tild6634-3965-4432-b132-363963363234/-/resizeb/20x/ICE-by-NATURA-SIBERI.png]
[static.tildacdn.com/tild3566-6339-4064-b630-666531356338/photo.png]
[static.tildacdn.com/tild3566-6339-4064-b630-666531356338/-/resizeb/20x/photo.png]
[static.tildacdn.com/tild6639-6139-4934-b238-393962653565/photo.png]
[static.tildacdn.com/tild6639-6139-4934-b238-393962653565/-/resizeb/20x/photo.png]
[static.tildacdn.com/tild3331-3963-4530-b931-663838636230/DSC04670_DxO.png]
[static.tildacdn.com/tild3331-3963-4530-b931-663838636230/-/resizeb/20x/DSC04670_DxO.png]
[static.tildacdn.com/tild6533-3163-4236-a131-663065656237/2ICE-by-NATURA-SIBER.png]
[static.tildacdn.com/tild6533-3163-4236-a131-663065656237/-/resizeb/20x/2ICE-by-NATURA-SIBER.png]
[static.tildacdn.com/tild6436-3863-4133-a632-333866393263/ICE-by-NATURA-SIBERI.png]
[static.tildacdn.com/tild6436-3863-4133-a632-333866393263/-/resizeb/20x/ICE-by-NATURA-SIBERI.png]
[static.tildacdn.com/tild3564-3035-4134-b139-396162633332/photo.png]
[static.tildacdn.com/tild3564-3035-4134-b139-396162633332/-/resizeb/20x/photo.png]
[static.tildacdn.com/tild6465-3633-4633-a330-623431323534/sDSCF0248.jpg]
[static.tildacdn.com/tild6465-3633-4633-a330-623431323534/-/resizeb/20x/sDSCF0248.jpg]
[static.tildacdn.com/tild6339-3536-4165-b130-643033636234/sDSCF0552.jpg]
[static.tildacdn.com/tild6339-3536-4165-b130-643033636234/-/resizeb/20x/sDSCF0552.jpg]
[static.tildacdn.com/tild6564-6431-4337-b061-626563653761/sDSCF0566.jpg]
[static.tildacdn.com/tild6564-6431-4337-b061-626563653761/-/resizeb/20x/sDSCF0566.jpg]
[static.tildacdn.com/tild6661-6561-4336-a432-396665326330/sDSCF0809.jpg]
[static.tildacdn.com/tild6661-6561-4336-a432-396665326330/-/resizeb/20x/sDSCF0809.jpg]
[static.tildacdn.com/tild3935-3638-4033-b766-626365373666/sDSCF2041_copy.jpg]
[static.tildacdn.com/tild3935-3638-4033-b766-626365373666/-/resizeb/20x/sDSCF2041_copy.jpg]
[static.tildacdn.com/tild6461-6636-4337-a265-303237343332/sDSCF7885.jpg]
[static.tildacdn.com/tild6461-6636-4337-a265-303237343332/-/resizeb/20x/sDSCF7885.jpg]
[www.ice-professional.com/tame_my_hair.html]
[ws.tildacdn.com/project2410645/tilda-blocks-page20232029.min57cf.css]
[ws.tildacdn.com/project2410645/tilda-blocks-page20232029.min57cf.js]
[static.tildacdn.com/tild3531-3830-4261-b962-613662636539/ice_-07_copy.png]
[static.tildacdn.com/tild3531-3830-4261-b962-613662636539/-/resizeb/20x/ice_-07_copy.png]
[static.tildacdn.com/tild3534-6162-4432-b239-373533643139/DSCF0552.jpg]
[static.tildacdn.com/tild3534-6162-4432-b239-373533643139/-/resizeb/20x/DSCF0552.jpg]
[static.tildacdn.com/tild3266-3032-4665-a335-663132383261/DSCF9946.jpg]
[static.tildacdn.com/tild3266-3032-4665-a335-663132383261/-/resizeb/20x/DSCF9946.jpg]
[static.tildacdn.com/tild6164-3966-4336-a638-666132653530/-/empty/ICE-by-NATURA-SIBERI.png]
[static.tildacdn.com/tild3730-3631-4461-a534-616437613966/-/empty/ICE-by-NATURA-SIBERI.png]
[static.tildacdn.com/tild3466-3163-4139-b266-663034366535/-/empty/photo.png]
[static.tildacdn.com/tild3766-3130-4636-b565-663434383931/-/empty/ICE-by-NATURA-SIBERI.png]
[static.tildacdn.com/tild6164-3839-4336-b033-616336343639/-/empty/ICE-by-NATURA-SIBERI.png]
[static.tildacdn.com/tild3130-3463-4565-b832-383938303238/-/empty/ICE-by-NATURA-SIBERI.png]
[static.tildacdn.com/tild6164-3966-4336-a638-666132653530/ICE-by-NATURA-SIBERI.png]
[static.tildacdn.com/tild6164-3966-4336-a638-666132653530/-/resizeb/20x/ICE-by-NATURA-SIBERI.png]
[static.tildacdn.com/tild3332-6434-4364-b265-656232316231/ICE-by-NATURA-SIBERI.png]
[static.tildacdn.com/tild3332-6434-4364-b265-656232316231/-/resizeb/20x/ICE-by-NATURA-SIBERI.png]
[static.tildacdn.com/tild3730-3631-4461-a534-616437613966/ICE-by-NATURA-SIBERI.png]
[static.tildacdn.com/tild3730-3631-4461-a534-616437613966/-/resizeb/20x/ICE-by-NATURA-SIBERI.png]
[static.tildacdn.com/tild6562-3265-4364-b463-336363666236/ICE-by-NATURA-SIBERI.png]
[static.tildacdn.com/tild6562-3265-4364-b463-336363666236/-/resizeb/20x/ICE-by-NATURA-SIBERI.png]
[static.tildacdn.com/tild3466-3163-4139-b266-663034366535/photo.png]
[static.tildacdn.com/tild3466-3163-4139-b266-663034366535/-/resizeb/20x/photo.png]
[static.tildacdn.com/tild3339-3263-4832-b962-333035613434/DSC04665_DxO.png]
[static.tildacdn.com/tild3339-3263-4832-b962-333035613434/-/resizeb/20x/DSC04665_DxO.png]
[static.tildacdn.com/tild3766-3130-4636-b565-663434383931/ICE-by-NATURA-SIBERI.png]
[static.tildacdn.com/tild3766-3130-4636-b565-663434383931/-/resizeb/20x/ICE-by-NATURA-SIBERI.png]
[static.tildacdn.com/tild3932-3936-4435-b965-393235626436/ICE-by-NATURA-SIBERI.png]
[static.tildacdn.com/tild3932-3936-4435-b965-393235626436/-/resizeb/20x/ICE-by-NATURA-SIBERI.png]
[static.tildacdn.com/tild3230-6232-4962-a533-666566356636/DSC07404_DxO.png]
[static.tildacdn.com/tild3230-6232-4962-a533-666566356636/-/resizeb/20x/DSC07404_DxO.png]
[static.tildacdn.com/tild6164-3839-4336-b033-616336343639/ICE-by-NATURA-SIBERI.png]
[static.tildacdn.com/tild6164-3839-4336-b033-616336343639/-/resizeb/20x/ICE-by-NATURA-SIBERI.png]
[static.tildacdn.com/tild3038-3636-4232-b532-363338316566/ICE-by-NATURA-SIBERI.png]
[static.tildacdn.com/tild3038-3636-4232-b532-363338316566/-/resizeb/20x/ICE-by-NATURA-SIBERI.png]
[static.tildacdn.com/tild3365-3034-4566-b830-336537353230/DSC07402_DxO.png]
[static.tildacdn.com/tild3365-3034-4566-b830-336537353230/-/resizeb/20x/DSC07402_DxO.png]
[static.tildacdn.com/tild3130-3463-4565-b832-383938303238/ICE-by-NATURA-SIBERI.png]
[static.tildacdn.com/tild3130-3463-4565-b832-383938303238/-/resizeb/20x/ICE-by-NATURA-SIBERI.png]
[static.tildacdn.com/tild3133-3834-4630-b366-663136663064/ICE-by-NATURA-SIBERI.png]
[static.tildacdn.com/tild3133-3834-4630-b366-663136663064/-/resizeb/20x/ICE-by-NATURA-SIBERI.png]
[static.tildacdn.com/tild6231-3361-4434-b933-313333393835/DSC07408_DxO.png]
[static.tildacdn.com/tild6231-3361-4434-b933-313333393835/-/resizeb/20x/DSC07408_DxO.png]
[static.tildacdn.com/tild3364-6330-4737-b865-393138616166/sDSCF0248.jpg]
[static.tildacdn.com/tild3364-6330-4737-b865-393138616166/-/resizeb/20x/sDSCF0248.jpg]
[static.tildacdn.com/tild6439-3638-4036-b662-383835316437/sDSCF0809.jpg]
[static.tildacdn.com/tild6439-3638-4036-b662-383835316437/-/resizeb/20x/sDSCF0809.jpg]
[static.tildacdn.com/tild6566-3438-4731-a437-323265623531/sDSCF2041_copy.jpg]
[static.tildacdn.com/tild6566-3438-4731-a437-323265623531/-/resizeb/20x/sDSCF2041_copy.jpg]
[static.tildacdn.com/tild3039-6666-4161-a462-313662666564/sDSCF7885.jpg]
[static.tildacdn.com/tild3039-6666-4161-a462-313662666564/-/resizeb/20x/sDSCF7885.jpg]
[static.tildacdn.com/tild6464-6237-4136-b931-323830633135/sDSCF0566.jpg]
[static.tildacdn.com/tild6464-6237-4136-b931-323830633135/-/resizeb/20x/sDSCF0566.jpg]
[static.tildacdn.com/tild3537-6462-4662-a634-663138663438/sDSCF0552.jpg]
[static.tildacdn.com/tild3537-6462-4662-a634-663138663438/-/resizeb/20x/sDSCF0552.jpg]
[www.ice-professional.com/refill_my_hair.html]
[ws.tildacdn.com/project2410645/tilda-blocks-page20232038.min57cf.css]
[ws.tildacdn.com/project2410645/tilda-blocks-page20232038.min57cf.js]
[static.tildacdn.com/tild3131-3763-4833-a263-353961656266/ice_-08_cospy.png]
[static.tildacdn.com/tild3131-3763-4833-a263-353961656266/-/resizeb/20x/ice_-08_cospy.png]
[static.tildacdn.com/tild6235-3130-4234-a435-646635373764/DSCF0566.jpg]
[static.tildacdn.com/tild6235-3130-4234-a435-646635373764/-/resizeb/20x/DSCF0566.jpg]
[static.tildacdn.com/tild6233-3833-4232-a134-353333653437/DSCF7870.jpg]
[static.tildacdn.com/tild6233-3833-4232-a134-353333653437/-/resizeb/20x/DSCF7870.jpg]
[static.tildacdn.com/tild3739-6365-4461-b632-643163393863/-/empty/ICE-by-NATURA-SIBERI.png]
[static.tildacdn.com/tild6331-3732-4665-a562-323833643566/-/empty/ICE-by-NATURA-SIBERI.png]
[static.tildacdn.com/tild3834-3363-4135-b664-336262366233/-/empty/ICE-by-NATURA-SIBERI.png]
[static.tildacdn.com/tild6561-6632-4364-b666-663335393565/-/empty/ICE-by-NATURA-SIBERI.png]
[static.tildacdn.com/tild3739-6365-4461-b632-643163393863/ICE-by-NATURA-SIBERI.png]
[static.tildacdn.com/tild3739-6365-4461-b632-643163393863/-/resizeb/20x/ICE-by-NATURA-SIBERI.png]
[static.tildacdn.com/tild3561-3266-4264-a636-643064383734/ICE-by-NATURA-SIBERI.png]
[static.tildacdn.com/tild3561-3266-4264-a636-643064383734/-/resizeb/20x/ICE-by-NATURA-SIBERI.png]
[static.tildacdn.com/tild6331-3732-4665-a562-323833643566/ICE-by-NATURA-SIBERI.png]
[static.tildacdn.com/tild6331-3732-4665-a562-323833643566/-/resizeb/20x/ICE-by-NATURA-SIBERI.png]
[static.tildacdn.com/tild3933-3235-4366-a532-666465363939/ICE-by-NATURA-SIBERI.png]
[static.tildacdn.com/tild3933-3235-4366-a532-666465363939/-/resizeb/20x/ICE-by-NATURA-SIBERI.png]
[static.tildacdn.com/tild3834-3363-4135-b664-336262366233/ICE-by-NATURA-SIBERI.png]
[static.tildacdn.com/tild3834-3363-4135-b664-336262366233/-/resizeb/20x/ICE-by-NATURA-SIBERI.png]
[static.tildacdn.com/tild3733-6132-4662-a166-626566656665/DSC04668_DxO.png]
[static.tildacdn.com/tild3733-6132-4662-a166-626566656665/-/resizeb/20x/DSC04668_DxO.png]
[static.tildacdn.com/tild6561-6632-4364-b666-663335393565/ICE-by-NATURA-SIBERI.png]
[static.tildacdn.com/tild6561-6632-4364-b666-663335393565/-/resizeb/20x/ICE-by-NATURA-SIBERI.png]
[static.tildacdn.com/tild6131-3835-4931-a664-376365346331/ICE-by-NATURA-SIBERI.png]
[static.tildacdn.com/tild6131-3835-4931-a664-376365346331/-/resizeb/20x/ICE-by-NATURA-SIBERI.png]
[static.tildacdn.com/tild6665-6332-4666-a466-373666383430/sDSCF7885.jpg]
[static.tildacdn.com/tild6665-6332-4666-a466-373666383430/-/resizeb/20x/sDSCF7885.jpg]
[static.tildacdn.com/tild6533-3466-4937-b436-663635373035/sDSCF0809.jpg]
[static.tildacdn.com/tild6533-3466-4937-b436-663635373035/-/resizeb/20x/sDSCF0809.jpg]
[static.tildacdn.com/tild3961-3631-4637-a233-383634636334/sDSCF0552.jpg]
[static.tildacdn.com/tild3961-3631-4637-a233-383634636334/-/resizeb/20x/sDSCF0552.jpg]
[static.tildacdn.com/tild3237-3365-4537-a465-306462306361/sDSCF0248.jpg]
[static.tildacdn.com/tild3237-3365-4537-a465-306462306361/-/resizeb/20x/sDSCF0248.jpg]
[static.tildacdn.com/tild3037-6261-4563-a266-376634383038/sDSCF2041_copy.jpg]
[static.tildacdn.com/tild3037-6261-4563-a266-376634383038/-/resizeb/20x/sDSCF2041_copy.jpg]
[static.tildacdn.com/tild3965-6630-4265-a131-386133383863/sDSCF0566.jpg]
[static.tildacdn.com/tild3965-6630-4265-a131-386133383863/-/resizeb/20x/sDSCF0566.jpg]
[www.ice-professional.com/keep_my_color.html]
[ws.tildacdn.com/project2410645/tilda-blocks-page20232043.min57cf.css]
[ws.tildacdn.com/project2410645/tilda-blocks-page20232043.min57cf.js]
[static.tildacdn.com/tild6666-6330-4037-a139-326266323338/ice_-06_copy.png]
[static.tildacdn.com/tild6666-6330-4037-a139-326266323338/-/resizeb/20x/ice_-06_copy.png]
[static.tildacdn.com/tild6264-3337-4433-b238-633932313131/DSCF0809.jpg]
[static.tildacdn.com/tild6264-3337-4433-b238-633932313131/-/resizeb/20x/DSCF0809.jpg]
[static.tildacdn.com/tild3530-3261-4130-b933-643162663361/DSCF0175.jpg]
[static.tildacdn.com/tild3530-3261-4130-b933-643162663361/-/resizeb/20x/DSCF0175.jpg]
[static.tildacdn.com/tild6666-3638-4132-b262-656432643638/-/empty/ICE-by-NATURA-SIBERI.png]
[static.tildacdn.com/tild3366-3532-4365-b565-666331386264/-/empty/ICE-by-NATURA-SIBERI.png]
[static.tildacdn.com/tild6331-6532-4535-b036-303036346330/-/empty/photo.png]
[static.tildacdn.com/tild6666-3638-4132-b262-656432643638/ICE-by-NATURA-SIBERI.png]
[static.tildacdn.com/tild6666-3638-4132-b262-656432643638/-/resizeb/20x/ICE-by-NATURA-SIBERI.png]
[static.tildacdn.com/tild3430-6238-4730-a265-616231623762/ICE-by-NATURA-SIBERI.png]
[static.tildacdn.com/tild3430-6238-4730-a265-616231623762/-/resizeb/20x/ICE-by-NATURA-SIBERI.png]
[static.tildacdn.com/tild3366-3532-4365-b565-666331386264/ICE-by-NATURA-SIBERI.png]
[static.tildacdn.com/tild3366-3532-4365-b565-666331386264/-/resizeb/20x/ICE-by-NATURA-SIBERI.png]
[static.tildacdn.com/tild3838-3233-4134-b538-363831633963/ICE-by-NATURA-SIBERI.png]
[static.tildacdn.com/tild3838-3233-4134-b538-363831633963/-/resizeb/20x/ICE-by-NATURA-SIBERI.png]
[static.tildacdn.com/tild6331-6532-4535-b036-303036346330/photo.png]
[static.tildacdn.com/tild6331-6532-4535-b036-303036346330/-/resizeb/20x/photo.png]
[static.tildacdn.com/tild3966-6632-4239-a263-663233393462/DSC04667_DxO.png]
[static.tildacdn.com/tild3966-6632-4239-a263-663233393462/-/resizeb/20x/DSC04667_DxO.png]
[static.tildacdn.com/tild3530-6232-4562-b730-666565326131/sDSCF0566.jpg]
[static.tildacdn.com/tild3530-6232-4562-b730-666565326131/-/resizeb/20x/sDSCF0566.jpg]
[static.tildacdn.com/tild6564-6262-4365-b961-323366383738/sDSCF0552.jpg]
[static.tildacdn.com/tild6564-6262-4365-b961-323366383738/-/resizeb/20x/sDSCF0552.jpg]
[static.tildacdn.com/tild3262-3531-4665-b330-333266353835/sDSCF0248.jpg]
[static.tildacdn.com/tild3262-3531-4665-b330-333266353835/-/resizeb/20x/sDSCF0248.jpg]
[static.tildacdn.com/tild3263-3239-4931-a233-303766393262/sDSCF2041_copy.jpg]
[static.tildacdn.com/tild3263-3239-4931-a233-303766393262/-/resizeb/20x/sDSCF2041_copy.jpg]
[static.tildacdn.com/tild6439-3663-4636-a537-333234613037/sDSCF7885.jpg]
[static.tildacdn.com/tild6439-3663-4636-a537-333234613037/-/resizeb/20x/sDSCF7885.jpg]
[static.tildacdn.com/tild6136-6465-4430-b534-613966383133/sDSCF0809.jpg]
[static.tildacdn.com/tild6136-6465-4430-b534-613966383133/-/resizeb/20x/sDSCF0809.jpg]
[www.ice-professional.com/keep_my_blonde.html]
[ws.tildacdn.com/project2410645/tilda-blocks-page20232051.minb121.css]
[ws.tildacdn.com/project2410645/tilda-blocks-page20232051.minb121.js]
[static.tildacdn.com/js/tilda-zero-tooltip-1.0.min.js]
[static.tildacdn.com/tild6630-6662-4664-b336-633535313138/-/empty/ice__copy-03.png]
[static.tildacdn.com/tild3236-6633-4365-b431-663866386462/-/empty/ice__copy-03.png]
[static.tildacdn.com/tild6335-6564-4666-a661-333135616436/-/empty/ice__copy-03.png]
[static.tildacdn.com/tild6530-3632-4563-b666-633036633230/-/empty/ice__copy-03.png]
[static.tildacdn.com/tild6262-3165-4132-b061-633563366164/-/empty/ice__copy-03.png]
[static.tildacdn.com/tild3863-3466-4637-a132-303739333235/-/empty/ice__copy-03.png]
[static.tildacdn.com/tild3338-3165-4537-b935-396463643361/-/empty/ice__copy-03.png]
[static.tildacdn.com/tild6636-6236-4664-b662-316463613135/-/empty/ice__copy-03.png]
[static.tildacdn.com/tild6264-3364-4536-b764-386163613638/-/empty/ice__copy-03.png]
[static.tildacdn.com/tild3963-3963-4064-b264-343863663339/-/empty/ice__copy-03.png]
[static.tildacdn.com/tild3864-3033-4535-b462-656338356237/-/empty/ice__copy-03.png]
[static.tildacdn.com/tild3261-3633-4163-b863-366166353334/-/empty/ice__copy-03.png]
[static.tildacdn.com/tild3362-3033-4930-a430-333865663436/viborka_00_00_54_14_.jpg]
[static.tildacdn.com/tild3362-3033-4930-a430-333865663436/-/resizeb/20x/viborka_00_00_54_14_.jpg]
[www.ice-professional.com/ingredients.html]
[ws.tildacdn.com/project2410645/tilda-blocks-page20232052.min8d38.css]
[www.ice-professional.com/contacts.html]
[ws.tildacdn.com/project2410645/tilda-blocks-page20232016.min0b0d.css]
[static.tildacdn.com/css/tilda-popup-1.1.min.css]
[static.tildacdn.com/css/tilda-catalog-1.1.min.css]
[static.tildacdn.com/css/tilda-forms-1.0.min.css]
[static.tildacdn.com/css/tilda-zoom-2.0.min.css]
[www.ice-professional.com/organic_salon_care.html]
[ws.tildacdn.com/project2410645/tilda-blocks-page20232021.min57cf.css]
[static.tildacdn.com/css/tilda-animation-1.0.min.css]
[ws.tildacdn.com/project2410645/tilda-blocks-page20232024.min57cf.css]
[ws.tildacdn.com/project2410645/tilda-blocks-page20232029.min57cf.css]
[ws.tildacdn.com/project2410645/tilda-blocks-page20232038.min57cf.css]
[ws.tildacdn.com/project2410645/tilda-blocks-page20232043.min57cf.css]
[ws.tildacdn.com/project2410645/tilda-blocks-page20232051.minb121.css]
[ws.tildacdn.com/project2410645/tilda-blocks-page20232052.min8d38.css]
[ws.tildacdn.com/project2410645/tilda-blocks-page20232052.min8d38.js]
